setting 'ivy.default.settings.dir' to 'jar:file:/usr/share/sbt/bin/sbt-launch.jar!/org/apache/ivy/core/settings'
setting 'ivy.basedir' to '/builds/informatics/doclib/consumer-spreadsheetconverter/.'
setting 'ivy.default.conf.dir' to 'jar:file:/usr/share/sbt/bin/sbt-launch.jar!/org/apache/ivy/core/settings'
impossible to define new type: class not found: org.apache.ivy.plugins.resolver.VfsResolver in [] nor Ivy classloader
impossible to define new type: class not found: org.apache.ivy.plugins.trigger.LogTrigger in [] nor Ivy classloader
impossible to define new type: class not found: org.apache.ivy.plugins.resolver.MirroredURLResolver in [] nor Ivy classloader
impossible to define new type: class not found: org.apache.ivy.plugins.resolver.SshResolver in [] nor Ivy classloader
impossible to define new type: class not found: org.apache.ivy.plugins.resolver.DualResolver in [] nor Ivy classloader
impossible to define new type: class not found: org.apache.ivy.plugins.resolver.IvyRepResolver in [] nor Ivy classloader
impossible to define new type: class not found: org.apache.ivy.plugins.signer.bouncycastle.OpenPGPSignatureGenerator in [] nor Ivy classloader
impossible to define new type: class not found: org.apache.ivy.plugins.resolver.JarResolver in [] nor Ivy classloader
impossible to define new type: class not found: org.apache.ivy.ant.AntCallTrigger in [] nor Ivy classloader
impossible to define new type: class not found: org.apache.ivy.ant.AntBuildTrigger in [] nor Ivy classloader
impossible to define new type: class not found: org.apache.ivy.plugins.version.PatternVersionMatcher in [] nor Ivy classloader
impossible to define new type: class not found: org.apache.ivy.plugins.resolver.packager.PackagerResolver in [] nor Ivy classloader
impossible to define new type: class not found: org.apache.ivy.plugins.resolver.VsftpResolver in [] nor Ivy classloader
impossible to define new type: class not found: org.apache.ivy.plugins.conflict.RegexpConflictManager in [] nor Ivy classloader
impossible to define new type: class not found: org.apache.ivy.plugins.resolver.SFTPResolver in [] nor Ivy classloader
impossible to define new type: class not found: org.apache.ivy.osgi.updatesite.UpdateSiteResolver in [] nor Ivy classloader
impossible to define new type: class not found: org.apache.ivy.osgi.obr.OBRResolver in [] nor Ivy classloader
impossible to define glob matcher: org.apache.ivy.plugins.matcher.GlobPatternMatcher was not found.
setting 'awt.toolkit' to 'sun.awt.X11.XToolkit'
setting 'java.specification.version' to '11'
setting 'sun.cpu.isalist' to ''
setting 'sun.jnu.encoding' to 'UTF-8'
setting 'sbt.global.base' to 'sbt-cache/.sbtboot'
setting 'sun.arch.data.model' to '64'
setting 'java.vendor.url' to 'http://java.oracle.com/'
setting 'sun.boot.library.path' to '/usr/local/openjdk-11/lib'
setting 'sun.java.command' to '/usr/share/sbt/bin/sbt-launch.jar sbtVersion'
setting 'jdk.debug' to 'release'
setting 'java.specification.vendor' to 'Oracle Corporation'
setting 'java.version.date' to '2019-10-15'
setting 'java.home' to '/usr/local/openjdk-11'
setting 'file.separator' to '/'
setting 'java.vm.compressedOopsMode' to '32-bit'
setting 'line.separator' to '
'
setting 'java.specification.name' to 'Java Platform API Specification'
setting 'java.vm.specification.vendor' to 'Oracle Corporation'
setting 'sbt.boot.directory' to 'sbt-cache/.boot'
setting 'sun.management.compiler' to 'HotSpot 64-Bit Tiered Compilers'
setting 'java.runtime.version' to '11.0.5+10'
setting 'user.name' to 'root'
setting 'file.encoding' to 'UTF-8'
setting 'java.vendor.version' to '18.9'
setting 'java.io.tmpdir' to '/tmp'
setting 'java.version' to '11.0.5'
setting 'java.vm.specification.name' to 'Java Virtual Machine Specification'
setting 'java.awt.printerjob' to 'sun.print.PSPrinterJob'
setting 'sun.os.patch.level' to 'unknown'
setting 'java.library.path' to '/usr/java/packages/lib:/usr/lib64:/lib64:/lib:/usr/lib'
setting 'java.vendor' to 'Oracle Corporation'
setting 'scala.ext.dirs' to 'sbt-cache/.sbtboot/java9-rt-ext-oracle_corporation_11_0_5'
setting 'sun.io.unicode.encoding' to 'UnicodeLittle'
setting 'java.class.path' to '/usr/share/sbt/bin/sbt-launch.jar'
setting 'java.vm.vendor' to 'Oracle Corporation'
setting 'jline.shutdownhook' to 'false'
setting 'user.timezone' to 'Etc/UTC'
setting 'os.name' to 'Linux'
setting 'java.vm.specification.version' to '11'
setting 'sun.java.launcher' to 'SUN_STANDARD'
setting 'sun.cpu.endian' to 'little'
setting 'user.home' to '/root'
setting 'user.language' to 'en'
setting 'java.awt.graphicsenv' to 'sun.awt.X11GraphicsEnvironment'
setting 'jline.esc.timeout' to '0'
setting 'path.separator' to ':'
setting 'os.version' to '4.15.0-1037-aws'
setting 'java.runtime.name' to 'OpenJDK Runtime Environment'
setting 'java.vm.name' to 'OpenJDK 64-Bit Server VM'
setting 'java.vendor.url.bug' to 'http://bugreport.java.com/bugreport/'
setting 'user.dir' to '/builds/informatics/doclib/consumer-spreadsheetconverter'
setting 'os.arch' to 'amd64'
setting 'sbt.ivy.home' to 'sbt-cache/.ivy'
setting 'java.vm.info' to 'mixed mode'
setting 'java.vm.version' to '11.0.5+10'
setting 'java.class.version' to '55.0'
setting 'ivy.default.ivy.user.dir' to '/builds/informatics/doclib/consumer-spreadsheetconverter/sbt-cache/.ivy'
setting 'ivy.home' to '/builds/informatics/doclib/consumer-spreadsheetconverter/sbt-cache/.ivy'
setting 'ivy.cache.dir' to '/builds/informatics/doclib/consumer-spreadsheetconverter/sbt-cache/.ivy/cache'
no default cache defined: set to /builds/informatics/doclib/consumer-spreadsheetconverter/sbt-cache/.ivy/cache
setting 'ivy.checksums' to 'sha1,md5'
setting 'ivy.basedir' to '/builds/informatics/doclib/consumer-spreadsheetconverter/sbt-cache/.boot'
setting 'basedir' to '/builds/informatics/doclib/consumer-spreadsheetconverter/sbt-cache/.boot'
setting 'scala' to '2.12.7'
:: resolving dependencies :: org.scala-sbt#boot-scala;1.0
	confs: [default]
	validate = true
	refresh = false
resolving dependencies for configuration 'default'
== resolving dependencies for org.scala-sbt#boot-scala;1.0 [default]
loadData of org.scala-sbt#boot-scala;1.0 of rootConf=default
== resolving dependencies org.scala-sbt#boot-scala;1.0->org.scala-lang#scala-compiler;2.12.7 [default->default]
loadData of org.scala-lang#scala-compiler;2.12.7 of rootConf=default
	using redefined-public to resolve org.scala-lang#scala-compiler;2.12.7
redefined-public: Checking cache for: dependency: org.scala-lang#scala-compiler;2.12.7 {default=[default, optional(default)]}
redefined-public: no namespace defined: using system
No entry is found in the ModuleDescriptorCache : /builds/informatics/doclib/consumer-spreadsheetconverter/sbt-cache/.ivy/cache/org.scala-lang/scala-compiler/ivy-2.12.7.xml
post 1.3 ivy file: using exact as default matcher
	resolver not found: null => trying to use the one configured for org.scala-lang#scala-compiler;2.12.7
	configured resolver found for org.scala-lang#scala-compiler;2.12.7: redefined-public: saving this data
	found ivy file in cache for org.scala-lang#scala-compiler;2.12.7 (resolved by redefined-public): /builds/informatics/doclib/consumer-spreadsheetconverter/sbt-cache/.ivy/cache/org.scala-lang/scala-compiler/ivy-2.12.7.xml
redefined-public: module revision found in cache: org.scala-lang#scala-compiler;2.12.7
redefined-public: no latest strategy defined: using default
	found org.scala-lang#scala-compiler;2.12.7 in redefined-public
== resolving dependencies org.scala-sbt#boot-scala;1.0->org.scala-lang#scala-compiler;2.12.7 [default->runtime]
loadData of org.scala-lang#scala-compiler;2.12.7 of rootConf=default
== resolving dependencies org.scala-sbt#boot-scala;1.0->org.scala-lang#scala-compiler;2.12.7 [default->compile]
loadData of org.scala-lang#scala-compiler;2.12.7 of rootConf=default
== resolving dependencies org.scala-lang#scala-compiler;2.12.7->org.scala-lang#scala-library;2.12.7 [compile->master(*)]
loadData of org.scala-lang#scala-library;2.12.7 of rootConf=default
	using redefined-public to resolve org.scala-lang#scala-library;2.12.7
redefined-public: Checking cache for: dependency: org.scala-lang#scala-library;2.12.7 {compile=[compile(*), master(*)], runtime=[runtime(*)]}
No entry is found in the ModuleDescriptorCache : /builds/informatics/doclib/consumer-spreadsheetconverter/sbt-cache/.ivy/cache/org.scala-lang/scala-library/ivy-2.12.7.xml
post 1.3 ivy file: using exact as default matcher
	resolver not found: null => trying to use the one configured for org.scala-lang#scala-library;2.12.7
	configured resolver found for org.scala-lang#scala-library;2.12.7: redefined-public: saving this data
	found ivy file in cache for org.scala-lang#scala-library;2.12.7 (resolved by redefined-public): /builds/informatics/doclib/consumer-spreadsheetconverter/sbt-cache/.ivy/cache/org.scala-lang/scala-library/ivy-2.12.7.xml
redefined-public: module revision found in cache: org.scala-lang#scala-library;2.12.7
	found org.scala-lang#scala-library;2.12.7 in redefined-public
== resolving dependencies org.scala-lang#scala-compiler;2.12.7->org.scala-lang#scala-library;2.12.7 [compile->compile(*)]
loadData of org.scala-lang#scala-library;2.12.7 of rootConf=default
== resolving dependencies org.scala-lang#scala-compiler;2.12.7->org.scala-lang#scala-library;2.12.7 [compile->default]
loadData of org.scala-lang#scala-library;2.12.7 of rootConf=default
== resolving dependencies org.scala-lang#scala-compiler;2.12.7->org.scala-lang#scala-library;2.12.7 [compile->runtime]
loadData of org.scala-lang#scala-library;2.12.7 of rootConf=default
== resolving dependencies org.scala-lang#scala-compiler;2.12.7->org.scala-lang#scala-library;2.12.7 [compile->compile]
loadData of org.scala-lang#scala-library;2.12.7 of rootConf=default
== resolving dependencies org.scala-lang#scala-compiler;2.12.7->org.scala-lang#scala-library;2.12.7 [compile->master]
loadData of org.scala-lang#scala-library;2.12.7 of rootConf=default
== resolving dependencies org.scala-lang#scala-compiler;2.12.7->org.scala-lang#scala-library;2.12.7 [compile->runtime(*)]
loadData of org.scala-lang#scala-library;2.12.7 of rootConf=default
== resolving dependencies org.scala-lang#scala-compiler;2.12.7->org.scala-lang#scala-library;2.12.7 [compile->compile]
loadData of org.scala-lang#scala-library;2.12.7 of rootConf=default
default is loaded and no conf to load.  Skip loading
== resolving dependencies org.scala-lang#scala-compiler;2.12.7->org.scala-lang#scala-reflect;2.12.7 [compile->master(*)]
loadData of org.scala-lang#scala-reflect;2.12.7 of rootConf=default
	using redefined-public to resolve org.scala-lang#scala-reflect;2.12.7
redefined-public: Checking cache for: dependency: org.scala-lang#scala-reflect;2.12.7 {compile=[compile(*), master(*)], runtime=[runtime(*)]}
No entry is found in the ModuleDescriptorCache : /builds/informatics/doclib/consumer-spreadsheetconverter/sbt-cache/.ivy/cache/org.scala-lang/scala-reflect/ivy-2.12.7.xml
post 1.3 ivy file: using exact as default matcher
	resolver not found: null => trying to use the one configured for org.scala-lang#scala-reflect;2.12.7
	configured resolver found for org.scala-lang#scala-reflect;2.12.7: redefined-public: saving this data
	found ivy file in cache for org.scala-lang#scala-reflect;2.12.7 (resolved by redefined-public): /builds/informatics/doclib/consumer-spreadsheetconverter/sbt-cache/.ivy/cache/org.scala-lang/scala-reflect/ivy-2.12.7.xml
redefined-public: module revision found in cache: org.scala-lang#scala-reflect;2.12.7
	found org.scala-lang#scala-reflect;2.12.7 in redefined-public
== resolving dependencies org.scala-lang#scala-compiler;2.12.7->org.scala-lang#scala-reflect;2.12.7 [compile->compile(*)]
loadData of org.scala-lang#scala-reflect;2.12.7 of rootConf=default
== resolving dependencies org.scala-lang#scala-reflect;2.12.7->org.scala-lang#scala-library;2.12.7 [compile->master(*)]
loadData of org.scala-lang#scala-library;2.12.7 of rootConf=default
default is loaded and no conf to load.  Skip loading
== resolving dependencies org.scala-lang#scala-reflect;2.12.7->org.scala-lang#scala-library;2.12.7 [compile->compile(*)]
loadData of org.scala-lang#scala-library;2.12.7 of rootConf=default
default is loaded and no conf to load.  Skip loading
== resolving dependencies org.scala-lang#scala-compiler;2.12.7->org.scala-lang#scala-reflect;2.12.7 [compile->runtime(*)]
loadData of org.scala-lang#scala-reflect;2.12.7 of rootConf=default
== resolving dependencies org.scala-lang#scala-compiler;2.12.7->org.scala-lang#scala-reflect;2.12.7 [compile->compile]
loadData of org.scala-lang#scala-reflect;2.12.7 of rootConf=default
== resolving dependencies org.scala-lang#scala-reflect;2.12.7->org.scala-lang#scala-library;2.12.7 [runtime->runtime(*)]
loadData of org.scala-lang#scala-library;2.12.7 of rootConf=default
default is loaded and no conf to load.  Skip loading
== resolving dependencies org.scala-lang#scala-reflect;2.12.7->org.scala-lang#scala-library;2.12.7 [runtime->compile]
loadData of org.scala-lang#scala-library;2.12.7 of rootConf=default
default is loaded and no conf to load.  Skip loading
== resolving dependencies org.scala-lang#scala-compiler;2.12.7->org.scala-lang.modules#scala-xml_2.12;1.0.6 [compile->master(*)]
loadData of org.scala-lang.modules#scala-xml_2.12;1.0.6 of rootConf=default
	using redefined-public to resolve org.scala-lang.modules#scala-xml_2.12;1.0.6
redefined-public: Checking cache for: dependency: org.scala-lang.modules#scala-xml_2.12;1.0.6 {compile=[compile(*), master(*)], runtime=[runtime(*)]}
No entry is found in the ModuleDescriptorCache : /builds/informatics/doclib/consumer-spreadsheetconverter/sbt-cache/.ivy/cache/org.scala-lang.modules/scala-xml_2.12/ivy-1.0.6.xml
post 1.3 ivy file: using exact as default matcher
	resolver not found: null => trying to use the one configured for org.scala-lang.modules#scala-xml_2.12;1.0.6
	configured resolver found for org.scala-lang.modules#scala-xml_2.12;1.0.6: redefined-public: saving this data
	found ivy file in cache for org.scala-lang.modules#scala-xml_2.12;1.0.6 (resolved by redefined-public): /builds/informatics/doclib/consumer-spreadsheetconverter/sbt-cache/.ivy/cache/org.scala-lang.modules/scala-xml_2.12/ivy-1.0.6.xml
redefined-public: module revision found in cache: org.scala-lang.modules#scala-xml_2.12;1.0.6
	found org.scala-lang.modules#scala-xml_2.12;1.0.6 in redefined-public
== resolving dependencies org.scala-lang#scala-compiler;2.12.7->org.scala-lang.modules#scala-xml_2.12;1.0.6 [compile->compile(*)]
loadData of org.scala-lang.modules#scala-xml_2.12;1.0.6 of rootConf=default
== resolving dependencies org.scala-lang.modules#scala-xml_2.12;1.0.6->org.scala-lang#scala-library;2.12.0 [compile->master(*)]
loadData of org.scala-lang#scala-library;2.12.0 of rootConf=default
default is evicted.  Skip loading
== resolving dependencies org.scala-lang.modules#scala-xml_2.12;1.0.6->org.scala-lang#scala-library;2.12.7 [compile->master(*)]
loadData of org.scala-lang#scala-library;2.12.7 of rootConf=default
default is loaded and no conf to load.  Skip loading
== resolving dependencies org.scala-lang.modules#scala-xml_2.12;1.0.6->org.scala-lang#scala-library;2.12.0 [compile->compile(*)]
loadData of org.scala-lang#scala-library;2.12.0 of rootConf=default
default is evicted.  Skip loading
== resolving dependencies org.scala-lang.modules#scala-xml_2.12;1.0.6->org.scala-lang#scala-library;2.12.7 [compile->compile(*)]
loadData of org.scala-lang#scala-library;2.12.7 of rootConf=default
default is loaded and no conf to load.  Skip loading
== resolving dependencies org.scala-lang#scala-compiler;2.12.7->org.scala-lang.modules#scala-xml_2.12;1.0.6 [compile->runtime(*)]
loadData of org.scala-lang.modules#scala-xml_2.12;1.0.6 of rootConf=default
== resolving dependencies org.scala-lang#scala-compiler;2.12.7->org.scala-lang.modules#scala-xml_2.12;1.0.6 [compile->compile]
loadData of org.scala-lang.modules#scala-xml_2.12;1.0.6 of rootConf=default
== resolving dependencies org.scala-lang.modules#scala-xml_2.12;1.0.6->org.scala-lang#scala-library;2.12.0 [runtime->runtime(*)]
loadData of org.scala-lang#scala-library;2.12.0 of rootConf=default
default is evicted.  Skip loading
== resolving dependencies org.scala-lang.modules#scala-xml_2.12;1.0.6->org.scala-lang#scala-library;2.12.7 [runtime->runtime(*)]
loadData of org.scala-lang#scala-library;2.12.7 of rootConf=default
default is loaded and no conf to load.  Skip loading
== resolving dependencies org.scala-lang.modules#scala-xml_2.12;1.0.6->org.scala-lang#scala-library;2.12.7 [runtime->compile]
loadData of org.scala-lang#scala-library;2.12.7 of rootConf=default
default is loaded and no conf to load.  Skip loading
== resolving dependencies org.scala-lang#scala-compiler;2.12.7->org.scala-lang#scala-library;2.12.7 [runtime->runtime(*)]
loadData of org.scala-lang#scala-library;2.12.7 of rootConf=default
default is loaded and no conf to load.  Skip loading
== resolving dependencies org.scala-lang#scala-compiler;2.12.7->org.scala-lang#scala-library;2.12.7 [runtime->compile]
loadData of org.scala-lang#scala-library;2.12.7 of rootConf=default
default is loaded and no conf to load.  Skip loading
== resolving dependencies org.scala-lang#scala-compiler;2.12.7->org.scala-lang#scala-reflect;2.12.7 [runtime->runtime(*)]
loadData of org.scala-lang#scala-reflect;2.12.7 of rootConf=default
default is loaded and no conf to load.  Skip loading
== resolving dependencies org.scala-lang#scala-compiler;2.12.7->org.scala-lang#scala-reflect;2.12.7 [runtime->compile]
loadData of org.scala-lang#scala-reflect;2.12.7 of rootConf=default
default is loaded and no conf to load.  Skip loading
== resolving dependencies org.scala-lang#scala-compiler;2.12.7->org.scala-lang.modules#scala-xml_2.12;1.0.6 [runtime->runtime(*)]
loadData of org.scala-lang.modules#scala-xml_2.12;1.0.6 of rootConf=default
default is loaded and no conf to load.  Skip loading
== resolving dependencies org.scala-lang#scala-compiler;2.12.7->org.scala-lang.modules#scala-xml_2.12;1.0.6 [runtime->compile]
loadData of org.scala-lang.modules#scala-xml_2.12;1.0.6 of rootConf=default
default is loaded and no conf to load.  Skip loading
== resolving dependencies org.scala-sbt#boot-scala;1.0->org.scala-lang#scala-compiler;2.12.7 [default->master]
loadData of org.scala-lang#scala-compiler;2.12.7 of rootConf=default
== resolving dependencies org.scala-sbt#boot-scala;1.0->org.scala-lang#scala-compiler;2.12.7 [default->optional(default)]
loadData of org.scala-lang#scala-compiler;2.12.7 of rootConf=default
== resolving dependencies org.scala-lang#scala-compiler;2.12.7->jline#jline;2.14.6 [optional->master(*)]
loadData of jline#jline;2.14.6 of rootConf=default
	using redefined-public to resolve jline#jline;2.14.6
redefined-public: Checking cache for: dependency: jline#jline;2.14.6 {optional=[compile(*), master(*)]}
No entry is found in the ModuleDescriptorCache : /builds/informatics/doclib/consumer-spreadsheetconverter/sbt-cache/.ivy/cache/jline/jline/ivy-2.14.6.xml
post 1.3 ivy file: using exact as default matcher
	resolver not found: null => trying to use the one configured for jline#jline;2.14.6
	configured resolver found for jline#jline;2.14.6: redefined-public: saving this data
	found ivy file in cache for jline#jline;2.14.6 (resolved by redefined-public): /builds/informatics/doclib/consumer-spreadsheetconverter/sbt-cache/.ivy/cache/jline/jline/ivy-2.14.6.xml
redefined-public: module revision found in cache: jline#jline;2.14.6
	found jline#jline;2.14.6 in redefined-public
== resolving dependencies org.scala-lang#scala-compiler;2.12.7->jline#jline;2.14.6 [optional->compile(*)]
loadData of jline#jline;2.14.6 of rootConf=default
== resolving dependencies org.scala-sbt#boot-scala;1.0->org.scala-lang#scala-library;2.12.7 [default->default]
loadData of org.scala-lang#scala-library;2.12.7 of rootConf=default
default is loaded and no conf to load.  Skip loading
== resolving dependencies org.scala-sbt#boot-scala;1.0->org.scala-lang#scala-library;2.12.7 [default->runtime]
loadData of org.scala-lang#scala-library;2.12.7 of rootConf=default
default is loaded and no conf to load.  Skip loading
== resolving dependencies org.scala-sbt#boot-scala;1.0->org.scala-lang#scala-library;2.12.7 [default->compile]
loadData of org.scala-lang#scala-library;2.12.7 of rootConf=default
default is loaded and no conf to load.  Skip loading
== resolving dependencies org.scala-sbt#boot-scala;1.0->org.scala-lang#scala-library;2.12.7 [default->master]
loadData of org.scala-lang#scala-library;2.12.7 of rootConf=default
default is loaded and no conf to load.  Skip loading
Nbr of module to sort : 5
Sort dependencies of : org.scala-lang#scala-compiler;2.12.7 / Number of dependencies = 4
Sort dependencies of : org.scala-lang#scala-library;2.12.7 / Number of dependencies = 0
Sort done for : org.scala-lang#scala-library;2.12.7
Sort dependencies of : org.scala-lang#scala-reflect;2.12.7 / Number of dependencies = 1
Module descriptor is processed : org.scala-lang#scala-library;2.12.7
Sort done for : org.scala-lang#scala-reflect;2.12.7
Sort dependencies of : org.scala-lang.modules#scala-xml_2.12;1.0.6 / Number of dependencies = 4
Non matching revision detected when sorting.  org.scala-lang.modules#scala-xml_2.12 depends on org.scala-lang#scala-compiler;2.12.0, doesn't match org.scala-lang#scala-compiler;2.12.7
Non matching revision detected when sorting.  org.scala-lang.modules#scala-xml_2.12 depends on org.scala-lang#scala-library;2.12.0, doesn't match org.scala-lang#scala-library;2.12.7
Sort done for : org.scala-lang.modules#scala-xml_2.12;1.0.6
Sort dependencies of : jline#jline;2.14.6 / Number of dependencies = 4
Sort done for : jline#jline;2.14.6
Sort done for : org.scala-lang#scala-compiler;2.12.7
Module descriptor is processed : org.scala-lang#scala-library;2.12.7
Module descriptor is processed : org.scala-lang#scala-reflect;2.12.7
Module descriptor is processed : org.scala-lang.modules#scala-xml_2.12;1.0.6
Module descriptor is processed : jline#jline;2.14.6
storing dependency org.scala-lang#scala-compiler;2.12.7 in props
storing dependency org.scala-lang#scala-library;2.12.7 in props
	resolved ivy file produced in cache
:: downloading artifacts ::
	[NOT REQUIRED] org.scala-lang#scala-compiler;2.12.7!scala-compiler.jar
	[NOT REQUIRED] org.scala-lang#scala-library;2.12.7!scala-library.jar
	[NOT REQUIRED] org.scala-lang#scala-reflect;2.12.7!scala-reflect.jar
	[NOT REQUIRED] org.scala-lang.modules#scala-xml_2.12;1.0.6!scala-xml_2.12.jar(bundle)
	[NOT REQUIRED] jline#jline;2.14.6!jline.jar
:: resolution report :: resolve 283ms :: artifacts dl 4ms
Nbr of module to sort : 5
Sort dependencies of : org.scala-lang#scala-compiler;2.12.7 / Number of dependencies = 4
Sort dependencies of : org.scala-lang#scala-library;2.12.7 / Number of dependencies = 0
Sort done for : org.scala-lang#scala-library;2.12.7
Sort dependencies of : org.scala-lang#scala-reflect;2.12.7 / Number of dependencies = 1
Module descriptor is processed : org.scala-lang#scala-library;2.12.7
Sort done for : org.scala-lang#scala-reflect;2.12.7
Sort dependencies of : org.scala-lang.modules#scala-xml_2.12;1.0.6 / Number of dependencies = 4
Non matching revision detected when sorting.  org.scala-lang.modules#scala-xml_2.12 depends on org.scala-lang#scala-compiler;2.12.0, doesn't match org.scala-lang#scala-compiler;2.12.7
Non matching revision detected when sorting.  org.scala-lang.modules#scala-xml_2.12 depends on org.scala-lang#scala-library;2.12.0, doesn't match org.scala-lang#scala-library;2.12.7
Sort done for : org.scala-lang.modules#scala-xml_2.12;1.0.6
Sort dependencies of : jline#jline;2.14.6 / Number of dependencies = 4
Sort done for : jline#jline;2.14.6
Sort done for : org.scala-lang#scala-compiler;2.12.7
Module descriptor is processed : org.scala-lang#scala-library;2.12.7
Module descriptor is processed : org.scala-lang#scala-reflect;2.12.7
Module descriptor is processed : org.scala-lang.modules#scala-xml_2.12;1.0.6
Module descriptor is processed : jline#jline;2.14.6
	report for org.scala-sbt#boot-scala;1.0 default produced in /builds/informatics/doclib/consumer-spreadsheetconverter/sbt-cache/.boot/resolution-cache/org.scala-sbt-boot-scala-default.xml
	resolve done (283ms resolve - 4ms download)
setting 'scala' to '2.12.7'
:: retrieving :: org.scala-sbt#boot-scala
	checkUpToDate=true
post 1.3 ivy file: using exact as default matcher
no explicit confs given for retrieve, using ivy file: file:/builds/informatics/doclib/consumer-spreadsheetconverter/sbt-cache/.boot/resolution-cache/resolved-org.scala-sbt-boot-scala-1.0.xml
	confs: [default]
	retrieving /builds/informatics/doclib/consumer-spreadsheetconverter/sbt-cache/.ivy/cache/org.scala-lang.modules/scala-xml_2.12/bundles/scala-xml_2.12-1.0.6.jar
		to /builds/informatics/doclib/consumer-spreadsheetconverter/sbt-cache/.boot/scala-2.12.7/lib/scala-xml_2.12.jar
	retrieving /builds/informatics/doclib/consumer-spreadsheetconverter/sbt-cache/.ivy/cache/org.scala-lang/scala-reflect/jars/scala-reflect-2.12.7.jar
		to /builds/informatics/doclib/consumer-spreadsheetconverter/sbt-cache/.boot/scala-2.12.7/lib/scala-reflect.jar
	retrieving /builds/informatics/doclib/consumer-spreadsheetconverter/sbt-cache/.ivy/cache/org.scala-lang/scala-compiler/jars/scala-compiler-2.12.7.jar
	retrieving /builds/informatics/doclib/consumer-spreadsheetconverter/sbt-cache/.ivy/cache/org.scala-lang/scala-library/jars/scala-library-2.12.7.jar
		to /builds/informatics/doclib/consumer-spreadsheetconverter/sbt-cache/.boot/scala-2.12.7/lib/scala-library.jar
		to /builds/informatics/doclib/consumer-spreadsheetconverter/sbt-cache/.boot/scala-2.12.7/lib/scala-compiler.jar
	retrieving /builds/informatics/doclib/consumer-spreadsheetconverter/sbt-cache/.ivy/cache/jline/jline/jars/jline-2.14.6.jar
		to /builds/informatics/doclib/consumer-spreadsheetconverter/sbt-cache/.boot/scala-2.12.7/lib/jline.jar
	5 artifacts copied, 0 already retrieved
	retrieve done (40ms)
